<?xml version="1.0" encoding="UTF-8"?>
<!-- Generated by org.testng.reporters.JUnitReportReporter -->
<testsuite skipped="0" hostname="许许许" name="com.edu.test.TestCases" tests="1" failures="0" timestamp="28 十一月 2019 00:12:55 GMT" time="0.007" errors="0">
  <testcase name="test1" time="0.007" classname="com.edu.test.TestCases"/>
</testsuite> <!-- com.edu.test.TestCases -->
