<?xml version="1.0" encoding="UTF-8"?>
<!-- Generated by org.testng.reporters.JUnitReportReporter -->
<testsuite hostname="DESKTOP-AJCBIEJ" name="com.edu.auto.GeneralTest" tests="1" failures="0" timestamp="27 Nov 2019 07:50:18 GMT" time="1.174" errors="0">
  <testcase name="testMembership" time="1.174" classname="com.edu.auto.GeneralTest"/>
</testsuite> <!-- com.edu.auto.GeneralTest -->
