<?xml version="1.0" encoding="UTF-8"?>
<!-- Generated by org.testng.reporters.JUnitReportReporter -->
<testsuite skipped="0" hostname="LAPTOP-GME99JJS" name="com.edu.test.TestCases" tests="1" failures="0" timestamp="2019-11-29T09:53:48 CST" time="11.213" errors="0">
  <testcase name="testLogin" time="11.213" classname="com.edu.test.TestCases"/>
</testsuite> <!-- com.edu.test.TestCases -->
