<?xml version="1.0" encoding="UTF-8"?>
<!-- Generated by org.testng.reporters.JUnitReportReporter -->
<testsuite skipped="0" hostname="LAPTOP-GME99JJS" name="com.edu.test.TestCases" tests="2" failures="0" timestamp="2019-12-02T14:53:45 CST" time="20.954" errors="0">
  <testcase name="login" time="9.188" classname="com.edu.test.TestCases"/>
  <testcase name="login" time="11.766" classname="com.edu.test.TestCases"/>
</testsuite> <!-- com.edu.test.TestCases -->
