<?xml version="1.0" encoding="UTF-8"?>
<!-- Generated by org.testng.reporters.JUnitReportReporter -->
<testsuite skipped="0" hostname="DESKTOP-S0ICTTA" name="com.edu.test.TestCases" tests="1" failures="0" timestamp="26 十一月 2019 07:00:39 GMT" time="0.037" errors="0">
  <testcase name="test1" time="0.037" classname="com.edu.test.TestCases"/>
</testsuite> <!-- com.edu.test.TestCases -->
