<?xml version="1.0" encoding="UTF-8"?>
<!-- Generated by org.testng.reporters.JUnitReportReporter -->
<testsuite hostname="DESKTOP-AJCBIEJ" name="com.edu.test.TestCases" tests="1" failures="0" timestamp="26 Nov 2019 01:31:34 GMT" time="0.016" errors="0">
  <testcase name="test1" time="0.016" classname="com.edu.test.TestCases"/>
</testsuite> <!-- com.edu.test.TestCases -->
