<?xml version="1.0" encoding="UTF-8"?>
<!-- Generated by org.testng.reporters.JUnitReportReporter -->
<testsuite hostname="DESKTOP-AJCBIEJ" name="com.edu.dataProvider.Try" tests="6" failures="0" timestamp="28 Nov 2019 11:36:47 GMT" time="0.023" errors="0">
  <testcase name="TestLogin" time="0.007" classname="com.edu.dataProvider.Try"/>
  <testcase name="r" time="0.000" classname="com.edu.dataProvider.Try"/>
  <testcase name="r" time="0.008" classname="com.edu.dataProvider.Try"/>
  <testcase name="TestLogin" time="0.002" classname="com.edu.dataProvider.Try"/>
  <testcase name="r" time="0.001" classname="com.edu.dataProvider.Try"/>
  <testcase name="TestLogin" time="0.005" classname="com.edu.dataProvider.Try"/>
</testsuite> <!-- com.edu.dataProvider.Try -->
