<?xml version="1.0" encoding="UTF-8"?>
<!-- Generated by org.testng.reporters.JUnitReportReporter -->
<testsuite hostname="DESKTOP-AJCBIEJ" name="com.edu.dataProvider.LoginHelper" tests="3" failures="0" timestamp="28 Nov 2019 11:34:54 GMT" time="0.009" errors="0">
  <testcase name="r" time="0.001" classname="com.edu.dataProvider.LoginHelper"/>
  <testcase name="r" time="0.001" classname="com.edu.dataProvider.LoginHelper"/>
  <testcase name="r" time="0.007" classname="com.edu.dataProvider.LoginHelper"/>
</testsuite> <!-- com.edu.dataProvider.LoginHelper -->
